2020-09-01T16:21:34.884Z INFO @wdio/local-runner: Run worker command: run
2020-09-01T16:21:34.894Z INFO webdriverio: Initiate new session using the ./protocol-stub protocol
2020-09-01T16:21:35.647Z INFO webdriverio: Initiate new session using the webdriver protocol
2020-09-01T16:21:35.648Z INFO webdriver: [POST] http://localhost:9515/session
2020-09-01T16:21:35.649Z INFO webdriver: DATA {
  capabilities: {
    alwaysMatch: { browserName: 'chrome', acceptInsecureCerts: true },
    firstMatch: [ {} ]
  },
  desiredCapabilities: { browserName: 'chrome', acceptInsecureCerts: true }
}
2020-09-01T16:21:36.708Z INFO webdriver: COMMAND navigateTo("http://automationpractice.com/index.php")
2020-09-01T16:21:36.708Z INFO webdriver: [POST] http://localhost:9515/session/5a407c4b827a94678628503a7ef2af9d/url
2020-09-01T16:21:36.708Z INFO webdriver: DATA { url: 'http://automationpractice.com/index.php' }
2020-09-01T16:21:45.300Z INFO webdriver: COMMAND getTitle()
2020-09-01T16:21:45.300Z INFO webdriver: [GET] http://localhost:9515/session/5a407c4b827a94678628503a7ef2af9d/title
2020-09-01T16:21:45.321Z INFO webdriver: RESULT My Store
2020-09-01T16:21:45.329Z INFO webdriver: COMMAND findElement("css selector", "a.login")
2020-09-01T16:21:45.329Z INFO webdriver: [POST] http://localhost:9515/session/5a407c4b827a94678628503a7ef2af9d/element
2020-09-01T16:21:45.329Z INFO webdriver: DATA { using: 'css selector', value: 'a.login' }
2020-09-01T16:21:45.343Z INFO webdriver: RESULT {
  'element-6066-11e4-a52e-4f735466cecf': '41d9ee27-f22c-4430-ad67-2f78307b2b28'
}
2020-09-01T16:21:45.351Z INFO webdriver: COMMAND elementClick("41d9ee27-f22c-4430-ad67-2f78307b2b28")
2020-09-01T16:21:45.351Z INFO webdriver: [POST] http://localhost:9515/session/5a407c4b827a94678628503a7ef2af9d/element/41d9ee27-f22c-4430-ad67-2f78307b2b28/click
2020-09-01T16:21:47.268Z INFO webdriver: COMMAND findElement("css selector", "#email")
2020-09-01T16:21:47.268Z INFO webdriver: [POST] http://localhost:9515/session/5a407c4b827a94678628503a7ef2af9d/element
2020-09-01T16:21:47.269Z INFO webdriver: DATA { using: 'css selector', value: '#email' }
2020-09-01T16:21:47.280Z INFO webdriver: RESULT {
  'element-6066-11e4-a52e-4f735466cecf': 'e61a043b-0e23-45c1-8d03-79b7db11ac63'
}
2020-09-01T16:21:47.283Z INFO webdriver: COMMAND elementClear("e61a043b-0e23-45c1-8d03-79b7db11ac63")
2020-09-01T16:21:47.283Z INFO webdriver: [POST] http://localhost:9515/session/5a407c4b827a94678628503a7ef2af9d/element/e61a043b-0e23-45c1-8d03-79b7db11ac63/clear
2020-09-01T16:21:47.329Z INFO webdriver: COMMAND elementSendKeys("e61a043b-0e23-45c1-8d03-79b7db11ac63", "mathew@mail.com")
2020-09-01T16:21:47.330Z INFO webdriver: [POST] http://localhost:9515/session/5a407c4b827a94678628503a7ef2af9d/element/e61a043b-0e23-45c1-8d03-79b7db11ac63/value
2020-09-01T16:21:47.330Z INFO webdriver: DATA { text: 'mathew@mail.com' }
2020-09-01T16:21:47.402Z INFO webdriver: COMMAND findElement("css selector", "#passwd")
2020-09-01T16:21:47.402Z INFO webdriver: [POST] http://localhost:9515/session/5a407c4b827a94678628503a7ef2af9d/element
2020-09-01T16:21:47.402Z INFO webdriver: DATA { using: 'css selector', value: '#passwd' }
2020-09-01T16:21:47.413Z INFO webdriver: RESULT {
  'element-6066-11e4-a52e-4f735466cecf': 'c6ce7649-30aa-4d6e-b6b7-1fe69394a16b'
}
2020-09-01T16:21:47.416Z INFO webdriver: COMMAND elementClear("c6ce7649-30aa-4d6e-b6b7-1fe69394a16b")
2020-09-01T16:21:47.416Z INFO webdriver: [POST] http://localhost:9515/session/5a407c4b827a94678628503a7ef2af9d/element/c6ce7649-30aa-4d6e-b6b7-1fe69394a16b/clear
2020-09-01T16:21:47.452Z INFO webdriver: COMMAND elementSendKeys("c6ce7649-30aa-4d6e-b6b7-1fe69394a16b", "<Screenshot[base64]>")
2020-09-01T16:21:47.452Z INFO webdriver: [POST] http://localhost:9515/session/5a407c4b827a94678628503a7ef2af9d/element/c6ce7649-30aa-4d6e-b6b7-1fe69394a16b/value
2020-09-01T16:21:47.452Z INFO webdriver: DATA { text: 'InteliJ1' }
2020-09-01T16:21:47.521Z INFO webdriver: COMMAND findElement("css selector", "#SubmitLogin")
2020-09-01T16:21:47.521Z INFO webdriver: [POST] http://localhost:9515/session/5a407c4b827a94678628503a7ef2af9d/element
2020-09-01T16:21:47.521Z INFO webdriver: DATA { using: 'css selector', value: '#SubmitLogin' }
2020-09-01T16:21:47.535Z INFO webdriver: RESULT {
  'element-6066-11e4-a52e-4f735466cecf': 'c7500a87-333c-4dbf-9a20-bb560e81031d'
}
2020-09-01T16:21:47.539Z INFO webdriver: COMMAND elementClick("c7500a87-333c-4dbf-9a20-bb560e81031d")
2020-09-01T16:21:47.539Z INFO webdriver: [POST] http://localhost:9515/session/5a407c4b827a94678628503a7ef2af9d/element/c7500a87-333c-4dbf-9a20-bb560e81031d/click
2020-09-01T16:21:54.322Z INFO webdriver: COMMAND findElement("css selector", "span")
2020-09-01T16:21:54.322Z INFO webdriver: [POST] http://localhost:9515/session/5a407c4b827a94678628503a7ef2af9d/element
2020-09-01T16:21:54.322Z INFO webdriver: DATA { using: 'css selector', value: 'span' }
2020-09-01T16:21:54.335Z INFO webdriver: RESULT {
  'element-6066-11e4-a52e-4f735466cecf': '9e1de450-7589-4dea-b3d8-dcffd55f6cb1'
}
2020-09-01T16:21:54.338Z INFO webdriver: COMMAND getElementText("9e1de450-7589-4dea-b3d8-dcffd55f6cb1")
2020-09-01T16:21:54.339Z INFO webdriver: [GET] http://localhost:9515/session/5a407c4b827a94678628503a7ef2af9d/element/9e1de450-7589-4dea-b3d8-dcffd55f6cb1/text
2020-09-01T16:21:54.352Z INFO webdriver: RESULT Mathew Bible
2020-09-01T16:21:54.373Z INFO webdriver: COMMAND navigateTo("http://automationpractice.com/index.php")
2020-09-01T16:21:54.374Z INFO webdriver: [POST] http://localhost:9515/session/5a407c4b827a94678628503a7ef2af9d/url
2020-09-01T16:21:54.374Z INFO webdriver: DATA { url: 'http://automationpractice.com/index.php' }
2020-09-01T16:21:56.318Z INFO webdriver: COMMAND getTitle()
2020-09-01T16:21:56.318Z INFO webdriver: [GET] http://localhost:9515/session/5a407c4b827a94678628503a7ef2af9d/title
2020-09-01T16:21:56.341Z INFO webdriver: RESULT My Store
2020-09-01T16:21:56.345Z INFO webdriver: COMMAND findElement("css selector", "a.login")
2020-09-01T16:21:56.345Z INFO webdriver: [POST] http://localhost:9515/session/5a407c4b827a94678628503a7ef2af9d/element
2020-09-01T16:21:56.345Z INFO webdriver: DATA { using: 'css selector', value: 'a.login' }
2020-09-01T16:21:56.357Z INFO webdriver: RESULT {
  error: 'no such element',
  message: 'no such element: Unable to locate element: {"method":"css selector","selector":"a.login"}\n' +
    '  (Session info: chrome=84.0.4147.135)',
  stacktrace: 'Backtrace:\n' +
    '\tOrdinal0 [0x00DD87E3+2852835]\n' +
    '\tOrdinal0 [0x00CC5BB1+1727409]\n' +
    '\tOrdinal0 [0x00B9E4B9+517305]\n' +
    '\tOrdinal0 [0x00B39D0B+105739]\n' +
    '\tOrdinal0 [0x00B56210+221712]\n' +
    '\tOrdinal0 [0x00B4B890+178320]\n' +
    '\tOrdinal0 [0x00B54B9C+215964]\n' +
    '\tOrdinal0 [0x00B4B70B+177931]\n' +
    '\tOrdinal0 [0x00B32584+75140]\n' +
    '\tOrdinal0 [0x00B33650+79440]\n' +
    '\tOrdinal0 [0x00B335E9+79337]\n' +
    '\tOrdinal0 [0x00CDAD5C+1813852]\n' +
    '\tGetHandleVerifier [0x00EFC616+1075574]\n' +
    '\tGetHandleVerifier [0x00EFC367+1074887]\n' +
    '\tGetHandleVerifier [0x00F07497+1120247]\n' +
    '\tGetHandleVerifier [0x00EFCC16+1077110]\n' +
    '\tOrdinal0 [0x00CD3206+1782278]\n' +
    '\tOrdinal0 [0x00CDC3BB+1819579]\n' +
    '\tOrdinal0 [0x00CDC523+1819939]\n' +
    '\tOrdinal0 [0x00CF2B45+1911621]\n' +
    '\tBaseThreadInitThunk [0x76E26359+25]\n' +
    '\tRtlGetAppContainerNamedObjectPath [0x77407C24+228]\n' +
    '\tRtlGetAppContainerNamedObjectPath [0x77407BF4+180]\n'
}
2020-09-01T16:21:56.374Z INFO webdriver: COMMAND findElements("css selector", "a.login")
2020-09-01T16:21:56.375Z INFO webdriver: [POST] http://localhost:9515/session/5a407c4b827a94678628503a7ef2af9d/elements
2020-09-01T16:21:56.375Z INFO webdriver: DATA { using: 'css selector', value: 'a.login' }
2020-09-01T16:21:56.387Z INFO webdriver: RESULT []
2020-09-01T16:21:56.876Z INFO webdriver: COMMAND findElements("css selector", "a.login")
2020-09-01T16:21:56.876Z INFO webdriver: [POST] http://localhost:9515/session/5a407c4b827a94678628503a7ef2af9d/elements
2020-09-01T16:21:56.876Z INFO webdriver: DATA { using: 'css selector', value: 'a.login' }
2020-09-01T16:21:56.891Z INFO webdriver: RESULT []
2020-09-01T16:21:57.376Z INFO webdriver: COMMAND findElements("css selector", "a.login")
2020-09-01T16:21:57.376Z INFO webdriver: [POST] http://localhost:9515/session/5a407c4b827a94678628503a7ef2af9d/elements
2020-09-01T16:21:57.376Z INFO webdriver: DATA { using: 'css selector', value: 'a.login' }
2020-09-01T16:21:57.389Z INFO webdriver: RESULT []
2020-09-01T16:21:57.874Z INFO webdriver: COMMAND findElements("css selector", "a.login")
2020-09-01T16:21:57.874Z INFO webdriver: [POST] http://localhost:9515/session/5a407c4b827a94678628503a7ef2af9d/elements
2020-09-01T16:21:57.874Z INFO webdriver: DATA { using: 'css selector', value: 'a.login' }
2020-09-01T16:21:57.884Z INFO webdriver: RESULT []
2020-09-01T16:21:58.375Z INFO webdriver: COMMAND findElements("css selector", "a.login")
2020-09-01T16:21:58.375Z INFO webdriver: [POST] http://localhost:9515/session/5a407c4b827a94678628503a7ef2af9d/elements
2020-09-01T16:21:58.375Z INFO webdriver: DATA { using: 'css selector', value: 'a.login' }
2020-09-01T16:21:58.385Z INFO webdriver: RESULT []
2020-09-01T16:21:58.877Z INFO webdriver: COMMAND findElements("css selector", "a.login")
2020-09-01T16:21:58.877Z INFO webdriver: [POST] http://localhost:9515/session/5a407c4b827a94678628503a7ef2af9d/elements
2020-09-01T16:21:58.878Z INFO webdriver: DATA { using: 'css selector', value: 'a.login' }
2020-09-01T16:21:58.898Z INFO webdriver: RESULT []
2020-09-01T16:21:59.374Z INFO webdriver: COMMAND findElements("css selector", "a.login")
2020-09-01T16:21:59.375Z INFO webdriver: [POST] http://localhost:9515/session/5a407c4b827a94678628503a7ef2af9d/elements
2020-09-01T16:21:59.375Z INFO webdriver: DATA { using: 'css selector', value: 'a.login' }
2020-09-01T16:21:59.383Z INFO webdriver: RESULT []
2020-09-01T16:21:59.875Z INFO webdriver: COMMAND findElements("css selector", "a.login")
2020-09-01T16:21:59.875Z INFO webdriver: [POST] http://localhost:9515/session/5a407c4b827a94678628503a7ef2af9d/elements
2020-09-01T16:21:59.875Z INFO webdriver: DATA { using: 'css selector', value: 'a.login' }
2020-09-01T16:21:59.883Z INFO webdriver: RESULT []
2020-09-01T16:22:00.375Z INFO webdriver: COMMAND findElements("css selector", "a.login")
2020-09-01T16:22:00.375Z INFO webdriver: [POST] http://localhost:9515/session/5a407c4b827a94678628503a7ef2af9d/elements
2020-09-01T16:22:00.375Z INFO webdriver: DATA { using: 'css selector', value: 'a.login' }
2020-09-01T16:22:00.384Z INFO webdriver: RESULT []
2020-09-01T16:22:00.876Z INFO webdriver: COMMAND findElements("css selector", "a.login")
2020-09-01T16:22:00.876Z INFO webdriver: [POST] http://localhost:9515/session/5a407c4b827a94678628503a7ef2af9d/elements
2020-09-01T16:22:00.876Z INFO webdriver: DATA { using: 'css selector', value: 'a.login' }
2020-09-01T16:22:00.888Z INFO webdriver: RESULT []
2020-09-01T16:22:01.375Z INFO webdriver: COMMAND findElements("css selector", "a.login")
2020-09-01T16:22:01.375Z INFO webdriver: [POST] http://localhost:9515/session/5a407c4b827a94678628503a7ef2af9d/elements
2020-09-01T16:22:01.375Z INFO webdriver: DATA { using: 'css selector', value: 'a.login' }
2020-09-01T16:22:01.383Z INFO webdriver: RESULT []
2020-09-01T16:22:01.876Z INFO webdriver: COMMAND findElements("css selector", "a.login")
2020-09-01T16:22:01.877Z INFO webdriver: [POST] http://localhost:9515/session/5a407c4b827a94678628503a7ef2af9d/elements
2020-09-01T16:22:01.877Z INFO webdriver: DATA { using: 'css selector', value: 'a.login' }
2020-09-01T16:22:01.895Z INFO webdriver: RESULT []
2020-09-01T16:22:02.374Z INFO webdriver: COMMAND findElements("css selector", "a.login")
2020-09-01T16:22:02.374Z INFO webdriver: [POST] http://localhost:9515/session/5a407c4b827a94678628503a7ef2af9d/elements
2020-09-01T16:22:02.374Z INFO webdriver: DATA { using: 'css selector', value: 'a.login' }
2020-09-01T16:22:02.383Z INFO webdriver: RESULT []
2020-09-01T16:22:02.876Z INFO webdriver: COMMAND findElements("css selector", "a.login")
2020-09-01T16:22:02.876Z INFO webdriver: [POST] http://localhost:9515/session/5a407c4b827a94678628503a7ef2af9d/elements
2020-09-01T16:22:02.876Z INFO webdriver: DATA { using: 'css selector', value: 'a.login' }
2020-09-01T16:22:02.886Z INFO webdriver: RESULT []
2020-09-01T16:22:03.375Z INFO webdriver: COMMAND findElements("css selector", "a.login")
2020-09-01T16:22:03.375Z INFO webdriver: [POST] http://localhost:9515/session/5a407c4b827a94678628503a7ef2af9d/elements
2020-09-01T16:22:03.375Z INFO webdriver: DATA { using: 'css selector', value: 'a.login' }
2020-09-01T16:22:03.382Z INFO webdriver: RESULT []
2020-09-01T16:22:03.875Z INFO webdriver: COMMAND findElements("css selector", "a.login")
2020-09-01T16:22:03.875Z INFO webdriver: [POST] http://localhost:9515/session/5a407c4b827a94678628503a7ef2af9d/elements
2020-09-01T16:22:03.875Z INFO webdriver: DATA { using: 'css selector', value: 'a.login' }
2020-09-01T16:22:03.882Z INFO webdriver: RESULT []
2020-09-01T16:22:04.374Z INFO webdriver: COMMAND findElements("css selector", "a.login")
2020-09-01T16:22:04.374Z INFO webdriver: [POST] http://localhost:9515/session/5a407c4b827a94678628503a7ef2af9d/elements
2020-09-01T16:22:04.374Z INFO webdriver: DATA { using: 'css selector', value: 'a.login' }
2020-09-01T16:22:04.382Z INFO webdriver: RESULT []
2020-09-01T16:22:04.875Z INFO webdriver: COMMAND findElements("css selector", "a.login")
2020-09-01T16:22:04.875Z INFO webdriver: [POST] http://localhost:9515/session/5a407c4b827a94678628503a7ef2af9d/elements
2020-09-01T16:22:04.875Z INFO webdriver: DATA { using: 'css selector', value: 'a.login' }
2020-09-01T16:22:04.885Z INFO webdriver: RESULT []
2020-09-01T16:22:05.374Z INFO webdriver: COMMAND findElements("css selector", "a.login")
2020-09-01T16:22:05.374Z INFO webdriver: [POST] http://localhost:9515/session/5a407c4b827a94678628503a7ef2af9d/elements
2020-09-01T16:22:05.374Z INFO webdriver: DATA { using: 'css selector', value: 'a.login' }
2020-09-01T16:22:05.385Z INFO webdriver: RESULT []
2020-09-01T16:22:05.875Z INFO webdriver: COMMAND findElements("css selector", "a.login")
2020-09-01T16:22:05.875Z INFO webdriver: [POST] http://localhost:9515/session/5a407c4b827a94678628503a7ef2af9d/elements
2020-09-01T16:22:05.875Z INFO webdriver: DATA { using: 'css selector', value: 'a.login' }
2020-09-01T16:22:05.885Z INFO webdriver: RESULT []
2020-09-01T16:22:06.400Z INFO webdriver: COMMAND navigateTo("http://automationpractice.com/index.php")
2020-09-01T16:22:06.401Z INFO webdriver: [POST] http://localhost:9515/session/5a407c4b827a94678628503a7ef2af9d/url
2020-09-01T16:22:06.401Z INFO webdriver: DATA { url: 'http://automationpractice.com/index.php' }
2020-09-01T16:22:07.333Z INFO webdriver: COMMAND getTitle()
2020-09-01T16:22:07.333Z INFO webdriver: [GET] http://localhost:9515/session/5a407c4b827a94678628503a7ef2af9d/title
2020-09-01T16:22:07.359Z INFO webdriver: RESULT My Store
2020-09-01T16:22:07.363Z INFO webdriver: COMMAND findElement("css selector", "a.login")
2020-09-01T16:22:07.364Z INFO webdriver: [POST] http://localhost:9515/session/5a407c4b827a94678628503a7ef2af9d/element
2020-09-01T16:22:07.364Z INFO webdriver: DATA { using: 'css selector', value: 'a.login' }
2020-09-01T16:22:07.378Z INFO webdriver: RESULT {
  error: 'no such element',
  message: 'no such element: Unable to locate element: {"method":"css selector","selector":"a.login"}\n' +
    '  (Session info: chrome=84.0.4147.135)',
  stacktrace: 'Backtrace:\n' +
    '\tOrdinal0 [0x00DD87E3+2852835]\n' +
    '\tOrdinal0 [0x00CC5BB1+1727409]\n' +
    '\tOrdinal0 [0x00B9E4B9+517305]\n' +
    '\tOrdinal0 [0x00B39D0B+105739]\n' +
    '\tOrdinal0 [0x00B56210+221712]\n' +
    '\tOrdinal0 [0x00B4B890+178320]\n' +
    '\tOrdinal0 [0x00B54B9C+215964]\n' +
    '\tOrdinal0 [0x00B4B70B+177931]\n' +
    '\tOrdinal0 [0x00B32584+75140]\n' +
    '\tOrdinal0 [0x00B33650+79440]\n' +
    '\tOrdinal0 [0x00B335E9+79337]\n' +
    '\tOrdinal0 [0x00CDAD5C+1813852]\n' +
    '\tGetHandleVerifier [0x00EFC616+1075574]\n' +
    '\tGetHandleVerifier [0x00EFC367+1074887]\n' +
    '\tGetHandleVerifier [0x00F07497+1120247]\n' +
    '\tGetHandleVerifier [0x00EFCC16+1077110]\n' +
    '\tOrdinal0 [0x00CD3206+1782278]\n' +
    '\tOrdinal0 [0x00CDC3BB+1819579]\n' +
    '\tOrdinal0 [0x00CDC523+1819939]\n' +
    '\tOrdinal0 [0x00CF2B45+1911621]\n' +
    '\tBaseThreadInitThunk [0x76E26359+25]\n' +
    '\tRtlGetAppContainerNamedObjectPath [0x77407C24+228]\n' +
    '\tRtlGetAppContainerNamedObjectPath [0x77407BF4+180]\n'
}
2020-09-01T16:22:07.384Z INFO webdriver: COMMAND findElements("css selector", "a.login")
2020-09-01T16:22:07.384Z INFO webdriver: [POST] http://localhost:9515/session/5a407c4b827a94678628503a7ef2af9d/elements
2020-09-01T16:22:07.384Z INFO webdriver: DATA { using: 'css selector', value: 'a.login' }
2020-09-01T16:22:07.393Z INFO webdriver: RESULT []
2020-09-01T16:22:07.885Z INFO webdriver: COMMAND findElements("css selector", "a.login")
2020-09-01T16:22:07.886Z INFO webdriver: [POST] http://localhost:9515/session/5a407c4b827a94678628503a7ef2af9d/elements
2020-09-01T16:22:07.886Z INFO webdriver: DATA { using: 'css selector', value: 'a.login' }
2020-09-01T16:22:07.901Z INFO webdriver: RESULT []
2020-09-01T16:22:08.385Z INFO webdriver: COMMAND findElements("css selector", "a.login")
2020-09-01T16:22:08.386Z INFO webdriver: [POST] http://localhost:9515/session/5a407c4b827a94678628503a7ef2af9d/elements
2020-09-01T16:22:08.386Z INFO webdriver: DATA { using: 'css selector', value: 'a.login' }
2020-09-01T16:22:08.395Z INFO webdriver: RESULT []
2020-09-01T16:22:08.886Z INFO webdriver: COMMAND findElements("css selector", "a.login")
2020-09-01T16:22:08.886Z INFO webdriver: [POST] http://localhost:9515/session/5a407c4b827a94678628503a7ef2af9d/elements
2020-09-01T16:22:08.886Z INFO webdriver: DATA { using: 'css selector', value: 'a.login' }
2020-09-01T16:22:08.898Z INFO webdriver: RESULT []
2020-09-01T16:22:09.385Z INFO webdriver: COMMAND findElements("css selector", "a.login")
2020-09-01T16:22:09.385Z INFO webdriver: [POST] http://localhost:9515/session/5a407c4b827a94678628503a7ef2af9d/elements
2020-09-01T16:22:09.385Z INFO webdriver: DATA { using: 'css selector', value: 'a.login' }
2020-09-01T16:22:09.392Z INFO webdriver: RESULT []
2020-09-01T16:22:09.885Z INFO webdriver: COMMAND findElements("css selector", "a.login")
2020-09-01T16:22:09.885Z INFO webdriver: [POST] http://localhost:9515/session/5a407c4b827a94678628503a7ef2af9d/elements
2020-09-01T16:22:09.885Z INFO webdriver: DATA { using: 'css selector', value: 'a.login' }
2020-09-01T16:22:09.893Z INFO webdriver: RESULT []
2020-09-01T16:22:10.384Z INFO webdriver: COMMAND findElements("css selector", "a.login")
2020-09-01T16:22:10.384Z INFO webdriver: [POST] http://localhost:9515/session/5a407c4b827a94678628503a7ef2af9d/elements
2020-09-01T16:22:10.384Z INFO webdriver: DATA { using: 'css selector', value: 'a.login' }
2020-09-01T16:22:10.391Z INFO webdriver: RESULT []
2020-09-01T16:22:10.886Z INFO webdriver: COMMAND findElements("css selector", "a.login")
2020-09-01T16:22:10.886Z INFO webdriver: [POST] http://localhost:9515/session/5a407c4b827a94678628503a7ef2af9d/elements
2020-09-01T16:22:10.886Z INFO webdriver: DATA { using: 'css selector', value: 'a.login' }
2020-09-01T16:22:10.894Z INFO webdriver: RESULT []
2020-09-01T16:22:11.386Z INFO webdriver: COMMAND findElements("css selector", "a.login")
2020-09-01T16:22:11.386Z INFO webdriver: [POST] http://localhost:9515/session/5a407c4b827a94678628503a7ef2af9d/elements
2020-09-01T16:22:11.387Z INFO webdriver: DATA { using: 'css selector', value: 'a.login' }
2020-09-01T16:22:11.396Z INFO webdriver: RESULT []
2020-09-01T16:22:11.886Z INFO webdriver: COMMAND findElements("css selector", "a.login")
2020-09-01T16:22:11.886Z INFO webdriver: [POST] http://localhost:9515/session/5a407c4b827a94678628503a7ef2af9d/elements
2020-09-01T16:22:11.886Z INFO webdriver: DATA { using: 'css selector', value: 'a.login' }
2020-09-01T16:22:11.895Z INFO webdriver: RESULT []
2020-09-01T16:22:12.385Z INFO webdriver: COMMAND findElements("css selector", "a.login")
2020-09-01T16:22:12.386Z INFO webdriver: [POST] http://localhost:9515/session/5a407c4b827a94678628503a7ef2af9d/elements
2020-09-01T16:22:12.386Z INFO webdriver: DATA { using: 'css selector', value: 'a.login' }
2020-09-01T16:22:12.401Z INFO webdriver: RESULT []
2020-09-01T16:22:12.885Z INFO webdriver: COMMAND findElements("css selector", "a.login")
2020-09-01T16:22:12.885Z INFO webdriver: [POST] http://localhost:9515/session/5a407c4b827a94678628503a7ef2af9d/elements
2020-09-01T16:22:12.885Z INFO webdriver: DATA { using: 'css selector', value: 'a.login' }
2020-09-01T16:22:12.892Z INFO webdriver: RESULT []
2020-09-01T16:22:13.386Z INFO webdriver: COMMAND findElements("css selector", "a.login")
2020-09-01T16:22:13.387Z INFO webdriver: [POST] http://localhost:9515/session/5a407c4b827a94678628503a7ef2af9d/elements
2020-09-01T16:22:13.387Z INFO webdriver: DATA { using: 'css selector', value: 'a.login' }
2020-09-01T16:22:13.397Z INFO webdriver: RESULT []
2020-09-01T16:22:13.887Z INFO webdriver: COMMAND findElements("css selector", "a.login")
2020-09-01T16:22:13.887Z INFO webdriver: [POST] http://localhost:9515/session/5a407c4b827a94678628503a7ef2af9d/elements
2020-09-01T16:22:13.887Z INFO webdriver: DATA { using: 'css selector', value: 'a.login' }
2020-09-01T16:22:13.895Z INFO webdriver: RESULT []
2020-09-01T16:22:14.386Z INFO webdriver: COMMAND findElements("css selector", "a.login")
2020-09-01T16:22:14.386Z INFO webdriver: [POST] http://localhost:9515/session/5a407c4b827a94678628503a7ef2af9d/elements
2020-09-01T16:22:14.386Z INFO webdriver: DATA { using: 'css selector', value: 'a.login' }
2020-09-01T16:22:14.402Z INFO webdriver: RESULT []
2020-09-01T16:22:14.885Z INFO webdriver: COMMAND findElements("css selector", "a.login")
2020-09-01T16:22:14.886Z INFO webdriver: [POST] http://localhost:9515/session/5a407c4b827a94678628503a7ef2af9d/elements
2020-09-01T16:22:14.886Z INFO webdriver: DATA { using: 'css selector', value: 'a.login' }
2020-09-01T16:22:14.899Z INFO webdriver: RESULT []
2020-09-01T16:22:15.386Z INFO webdriver: COMMAND findElements("css selector", "a.login")
2020-09-01T16:22:15.387Z INFO webdriver: [POST] http://localhost:9515/session/5a407c4b827a94678628503a7ef2af9d/elements
2020-09-01T16:22:15.387Z INFO webdriver: DATA { using: 'css selector', value: 'a.login' }
2020-09-01T16:22:15.403Z INFO webdriver: RESULT []
2020-09-01T16:22:15.886Z INFO webdriver: COMMAND findElements("css selector", "a.login")
2020-09-01T16:22:15.886Z INFO webdriver: [POST] http://localhost:9515/session/5a407c4b827a94678628503a7ef2af9d/elements
2020-09-01T16:22:15.886Z INFO webdriver: DATA { using: 'css selector', value: 'a.login' }
2020-09-01T16:22:15.894Z INFO webdriver: RESULT []
2020-09-01T16:22:16.385Z INFO webdriver: COMMAND findElements("css selector", "a.login")
2020-09-01T16:22:16.385Z INFO webdriver: [POST] http://localhost:9515/session/5a407c4b827a94678628503a7ef2af9d/elements
2020-09-01T16:22:16.385Z INFO webdriver: DATA { using: 'css selector', value: 'a.login' }
2020-09-01T16:22:16.398Z INFO webdriver: RESULT []
2020-09-01T16:22:16.885Z INFO webdriver: COMMAND findElements("css selector", "a.login")
2020-09-01T16:22:16.886Z INFO webdriver: [POST] http://localhost:9515/session/5a407c4b827a94678628503a7ef2af9d/elements
2020-09-01T16:22:16.886Z INFO webdriver: DATA { using: 'css selector', value: 'a.login' }
2020-09-01T16:22:16.896Z INFO webdriver: RESULT []
2020-09-01T16:22:17.413Z INFO webdriver: COMMAND navigateTo("http://automationpractice.com/index.php")
2020-09-01T16:22:17.414Z INFO webdriver: [POST] http://localhost:9515/session/5a407c4b827a94678628503a7ef2af9d/url
2020-09-01T16:22:17.414Z INFO webdriver: DATA { url: 'http://automationpractice.com/index.php' }
2020-09-01T16:22:18.366Z INFO webdriver: COMMAND getTitle()
2020-09-01T16:22:18.366Z INFO webdriver: [GET] http://localhost:9515/session/5a407c4b827a94678628503a7ef2af9d/title
2020-09-01T16:22:18.390Z INFO webdriver: RESULT My Store
2020-09-01T16:22:18.394Z INFO webdriver: COMMAND findElement("css selector", "a.login")
2020-09-01T16:22:18.395Z INFO webdriver: [POST] http://localhost:9515/session/5a407c4b827a94678628503a7ef2af9d/element
2020-09-01T16:22:18.395Z INFO webdriver: DATA { using: 'css selector', value: 'a.login' }
2020-09-01T16:22:18.406Z INFO webdriver: RESULT {
  error: 'no such element',
  message: 'no such element: Unable to locate element: {"method":"css selector","selector":"a.login"}\n' +
    '  (Session info: chrome=84.0.4147.135)',
  stacktrace: 'Backtrace:\n' +
    '\tOrdinal0 [0x00DD87E3+2852835]\n' +
    '\tOrdinal0 [0x00CC5BB1+1727409]\n' +
    '\tOrdinal0 [0x00B9E4B9+517305]\n' +
    '\tOrdinal0 [0x00B39D0B+105739]\n' +
    '\tOrdinal0 [0x00B56210+221712]\n' +
    '\tOrdinal0 [0x00B4B890+178320]\n' +
    '\tOrdinal0 [0x00B54B9C+215964]\n' +
    '\tOrdinal0 [0x00B4B70B+177931]\n' +
    '\tOrdinal0 [0x00B32584+75140]\n' +
    '\tOrdinal0 [0x00B33650+79440]\n' +
    '\tOrdinal0 [0x00B335E9+79337]\n' +
    '\tOrdinal0 [0x00CDAD5C+1813852]\n' +
    '\tGetHandleVerifier [0x00EFC616+1075574]\n' +
    '\tGetHandleVerifier [0x00EFC367+1074887]\n' +
    '\tGetHandleVerifier [0x00F07497+1120247]\n' +
    '\tGetHandleVerifier [0x00EFCC16+1077110]\n' +
    '\tOrdinal0 [0x00CD3206+1782278]\n' +
    '\tOrdinal0 [0x00CDC3BB+1819579]\n' +
    '\tOrdinal0 [0x00CDC523+1819939]\n' +
    '\tOrdinal0 [0x00CF2B45+1911621]\n' +
    '\tBaseThreadInitThunk [0x76E26359+25]\n' +
    '\tRtlGetAppContainerNamedObjectPath [0x77407C24+228]\n' +
    '\tRtlGetAppContainerNamedObjectPath [0x77407BF4+180]\n'
}
2020-09-01T16:22:18.423Z INFO webdriver: COMMAND findElements("css selector", "a.login")
2020-09-01T16:22:18.423Z INFO webdriver: [POST] http://localhost:9515/session/5a407c4b827a94678628503a7ef2af9d/elements
2020-09-01T16:22:18.423Z INFO webdriver: DATA { using: 'css selector', value: 'a.login' }
2020-09-01T16:22:18.431Z INFO webdriver: RESULT []
2020-09-01T16:22:18.923Z INFO webdriver: COMMAND findElements("css selector", "a.login")
2020-09-01T16:22:18.923Z INFO webdriver: [POST] http://localhost:9515/session/5a407c4b827a94678628503a7ef2af9d/elements
2020-09-01T16:22:18.923Z INFO webdriver: DATA { using: 'css selector', value: 'a.login' }
2020-09-01T16:22:18.933Z INFO webdriver: RESULT []
2020-09-01T16:22:19.422Z INFO webdriver: COMMAND findElements("css selector", "a.login")
2020-09-01T16:22:19.422Z INFO webdriver: [POST] http://localhost:9515/session/5a407c4b827a94678628503a7ef2af9d/elements
2020-09-01T16:22:19.422Z INFO webdriver: DATA { using: 'css selector', value: 'a.login' }
2020-09-01T16:22:19.430Z INFO webdriver: RESULT []
2020-09-01T16:22:19.922Z INFO webdriver: COMMAND findElements("css selector", "a.login")
2020-09-01T16:22:19.922Z INFO webdriver: [POST] http://localhost:9515/session/5a407c4b827a94678628503a7ef2af9d/elements
2020-09-01T16:22:19.922Z INFO webdriver: DATA { using: 'css selector', value: 'a.login' }
2020-09-01T16:22:19.929Z INFO webdriver: RESULT []
2020-09-01T16:22:20.423Z INFO webdriver: COMMAND findElements("css selector", "a.login")
2020-09-01T16:22:20.424Z INFO webdriver: [POST] http://localhost:9515/session/5a407c4b827a94678628503a7ef2af9d/elements
2020-09-01T16:22:20.424Z INFO webdriver: DATA { using: 'css selector', value: 'a.login' }
2020-09-01T16:22:20.431Z INFO webdriver: RESULT []
2020-09-01T16:22:20.922Z INFO webdriver: COMMAND findElements("css selector", "a.login")
2020-09-01T16:22:20.922Z INFO webdriver: [POST] http://localhost:9515/session/5a407c4b827a94678628503a7ef2af9d/elements
2020-09-01T16:22:20.923Z INFO webdriver: DATA { using: 'css selector', value: 'a.login' }
2020-09-01T16:22:20.931Z INFO webdriver: RESULT []
2020-09-01T16:22:21.423Z INFO webdriver: COMMAND findElements("css selector", "a.login")
2020-09-01T16:22:21.423Z INFO webdriver: [POST] http://localhost:9515/session/5a407c4b827a94678628503a7ef2af9d/elements
2020-09-01T16:22:21.423Z INFO webdriver: DATA { using: 'css selector', value: 'a.login' }
2020-09-01T16:22:21.432Z INFO webdriver: RESULT []
2020-09-01T16:22:21.923Z INFO webdriver: COMMAND findElements("css selector", "a.login")
2020-09-01T16:22:21.923Z INFO webdriver: [POST] http://localhost:9515/session/5a407c4b827a94678628503a7ef2af9d/elements
2020-09-01T16:22:21.923Z INFO webdriver: DATA { using: 'css selector', value: 'a.login' }
2020-09-01T16:22:21.936Z INFO webdriver: RESULT []
2020-09-01T16:22:22.426Z INFO webdriver: COMMAND findElements("css selector", "a.login")
2020-09-01T16:22:22.427Z INFO webdriver: [POST] http://localhost:9515/session/5a407c4b827a94678628503a7ef2af9d/elements
2020-09-01T16:22:22.427Z INFO webdriver: DATA { using: 'css selector', value: 'a.login' }
2020-09-01T16:22:22.453Z INFO webdriver: RESULT []
2020-09-01T16:22:22.925Z INFO webdriver: COMMAND findElements("css selector", "a.login")
2020-09-01T16:22:22.925Z INFO webdriver: [POST] http://localhost:9515/session/5a407c4b827a94678628503a7ef2af9d/elements
2020-09-01T16:22:22.925Z INFO webdriver: DATA { using: 'css selector', value: 'a.login' }
2020-09-01T16:22:22.941Z INFO webdriver: RESULT []
2020-09-01T16:22:23.423Z INFO webdriver: COMMAND findElements("css selector", "a.login")
2020-09-01T16:22:23.423Z INFO webdriver: [POST] http://localhost:9515/session/5a407c4b827a94678628503a7ef2af9d/elements
2020-09-01T16:22:23.423Z INFO webdriver: DATA { using: 'css selector', value: 'a.login' }
2020-09-01T16:22:23.432Z INFO webdriver: RESULT []
2020-09-01T16:22:23.923Z INFO webdriver: COMMAND findElements("css selector", "a.login")
2020-09-01T16:22:23.923Z INFO webdriver: [POST] http://localhost:9515/session/5a407c4b827a94678628503a7ef2af9d/elements
2020-09-01T16:22:23.923Z INFO webdriver: DATA { using: 'css selector', value: 'a.login' }
2020-09-01T16:22:23.931Z INFO webdriver: RESULT []
2020-09-01T16:22:24.423Z INFO webdriver: COMMAND findElements("css selector", "a.login")
2020-09-01T16:22:24.423Z INFO webdriver: [POST] http://localhost:9515/session/5a407c4b827a94678628503a7ef2af9d/elements
2020-09-01T16:22:24.423Z INFO webdriver: DATA { using: 'css selector', value: 'a.login' }
2020-09-01T16:22:24.431Z INFO webdriver: RESULT []
2020-09-01T16:22:24.926Z INFO webdriver: COMMAND findElements("css selector", "a.login")
2020-09-01T16:22:24.926Z INFO webdriver: [POST] http://localhost:9515/session/5a407c4b827a94678628503a7ef2af9d/elements
2020-09-01T16:22:24.926Z INFO webdriver: DATA { using: 'css selector', value: 'a.login' }
2020-09-01T16:22:24.940Z INFO webdriver: RESULT []
2020-09-01T16:22:25.423Z INFO webdriver: COMMAND findElements("css selector", "a.login")
2020-09-01T16:22:25.424Z INFO webdriver: [POST] http://localhost:9515/session/5a407c4b827a94678628503a7ef2af9d/elements
2020-09-01T16:22:25.424Z INFO webdriver: DATA { using: 'css selector', value: 'a.login' }
2020-09-01T16:22:25.431Z INFO webdriver: RESULT []
2020-09-01T16:22:25.924Z INFO webdriver: COMMAND findElements("css selector", "a.login")
2020-09-01T16:22:25.925Z INFO webdriver: [POST] http://localhost:9515/session/5a407c4b827a94678628503a7ef2af9d/elements
2020-09-01T16:22:25.925Z INFO webdriver: DATA { using: 'css selector', value: 'a.login' }
2020-09-01T16:22:25.933Z INFO webdriver: RESULT []
2020-09-01T16:22:26.423Z INFO webdriver: COMMAND findElements("css selector", "a.login")
2020-09-01T16:22:26.423Z INFO webdriver: [POST] http://localhost:9515/session/5a407c4b827a94678628503a7ef2af9d/elements
2020-09-01T16:22:26.423Z INFO webdriver: DATA { using: 'css selector', value: 'a.login' }
2020-09-01T16:22:26.432Z INFO webdriver: RESULT []
2020-09-01T16:22:26.924Z INFO webdriver: COMMAND findElements("css selector", "a.login")
2020-09-01T16:22:26.924Z INFO webdriver: [POST] http://localhost:9515/session/5a407c4b827a94678628503a7ef2af9d/elements
2020-09-01T16:22:26.924Z INFO webdriver: DATA { using: 'css selector', value: 'a.login' }
2020-09-01T16:22:26.933Z INFO webdriver: RESULT []
2020-09-01T16:22:27.423Z INFO webdriver: COMMAND findElements("css selector", "a.login")
2020-09-01T16:22:27.424Z INFO webdriver: [POST] http://localhost:9515/session/5a407c4b827a94678628503a7ef2af9d/elements
2020-09-01T16:22:27.424Z INFO webdriver: DATA { using: 'css selector', value: 'a.login' }
2020-09-01T16:22:27.434Z INFO webdriver: RESULT []
2020-09-01T16:22:27.926Z INFO webdriver: COMMAND findElements("css selector", "a.login")
2020-09-01T16:22:27.927Z INFO webdriver: [POST] http://localhost:9515/session/5a407c4b827a94678628503a7ef2af9d/elements
2020-09-01T16:22:27.927Z INFO webdriver: DATA { using: 'css selector', value: 'a.login' }
2020-09-01T16:22:27.940Z INFO webdriver: RESULT []
2020-09-01T16:22:28.424Z INFO webdriver: COMMAND findElements("css selector", "a.login")
2020-09-01T16:22:28.424Z INFO webdriver: [POST] http://localhost:9515/session/5a407c4b827a94678628503a7ef2af9d/elements
2020-09-01T16:22:28.425Z INFO webdriver: DATA { using: 'css selector', value: 'a.login' }
2020-09-01T16:22:28.448Z INFO webdriver: RESULT []
2020-09-01T16:22:28.449Z INFO webdriver: COMMAND getLogTypes()
2020-09-01T16:22:28.450Z INFO webdriver: [GET] http://localhost:9515/session/5a407c4b827a94678628503a7ef2af9d/se/log/types
2020-09-01T16:22:28.452Z INFO webdriver: RESULT [ 'browser', 'driver' ]
2020-09-01T16:22:28.452Z INFO webdriver: COMMAND getLogs("browser")
2020-09-01T16:22:28.452Z INFO webdriver: [POST] http://localhost:9515/session/5a407c4b827a94678628503a7ef2af9d/se/log
2020-09-01T16:22:28.452Z INFO webdriver: DATA { type: 'browser' }
2020-09-01T16:22:28.453Z INFO webdriver: COMMAND getLogs("driver")
2020-09-01T16:22:28.453Z INFO webdriver: [POST] http://localhost:9515/session/5a407c4b827a94678628503a7ef2af9d/se/log
2020-09-01T16:22:28.453Z INFO webdriver: DATA { type: 'driver' }
2020-09-01T16:22:28.457Z INFO webdriver: RESULT [
  {
    level: 'SEVERE',
    message: 'https://connect.facebook.net/en_US/all.js?hash=5e1b8b2a730bf9e3f3f1e828914645e9&ua=modern_es6 51:300 "Error retrieving login status, fetch cancelled."',
    source: 'console-api',
    timestamp: 1598977306688
  }
]
2020-09-01T16:22:28.459Z INFO webdriver: RESULT []
2020-09-01T16:22:28.460Z INFO webdriver: COMMAND deleteSession()
2020-09-01T16:22:28.460Z INFO webdriver: [DELETE] http://localhost:9515/session/5a407c4b827a94678628503a7ef2af9d
