2020-08-20T17:27:59.538Z INFO @wdio/local-runner: Run worker command: run
2020-08-20T17:27:59.563Z INFO webdriverio: Initiate new session using the ./protocol-stub protocol
2020-08-20T17:28:00.147Z INFO webdriverio: Initiate new session using the webdriver protocol
2020-08-20T17:28:00.150Z INFO webdriver: [POST] http://localhost:9515/session
2020-08-20T17:28:00.150Z INFO webdriver: DATA {
  capabilities: {
    alwaysMatch: { browserName: 'chrome', acceptInsecureCerts: true },
    firstMatch: [ {} ]
  },
  desiredCapabilities: { browserName: 'chrome', acceptInsecureCerts: true }
}
2020-08-20T17:28:06.547Z INFO webdriver: COMMAND findElement("css selector", "[title=Log in to your customer account]")
2020-08-20T17:28:06.548Z INFO webdriver: [POST] http://localhost:9515/session/d8d6d8d72dde3289faafcaa2357d15dd/element
2020-08-20T17:28:06.548Z INFO webdriver: DATA {
  using: 'css selector',
  value: '[title=Log in to your customer account]'
}
2020-08-20T17:28:06.667Z WARN webdriver: Request failed with status 400 due to invalid selector: An invalid or illegal selector was specified
  (Session info: chrome=84.0.4147.125)
2020-08-20T17:28:06.667Z INFO webdriver: Retrying 1/3
2020-08-20T17:28:06.667Z INFO webdriver: [POST] http://localhost:9515/session/d8d6d8d72dde3289faafcaa2357d15dd/element
2020-08-20T17:28:06.667Z INFO webdriver: DATA {
  using: 'css selector',
  value: '[title=Log in to your customer account]'
}
2020-08-20T17:28:06.687Z WARN webdriver: Request failed with status 400 due to invalid selector: An invalid or illegal selector was specified
  (Session info: chrome=84.0.4147.125)
2020-08-20T17:28:06.687Z INFO webdriver: Retrying 2/3
2020-08-20T17:28:06.687Z INFO webdriver: [POST] http://localhost:9515/session/d8d6d8d72dde3289faafcaa2357d15dd/element
2020-08-20T17:28:06.687Z INFO webdriver: DATA {
  using: 'css selector',
  value: '[title=Log in to your customer account]'
}
2020-08-20T17:28:06.708Z WARN webdriver: Request failed with status 400 due to invalid selector: An invalid or illegal selector was specified
  (Session info: chrome=84.0.4147.125)
2020-08-20T17:28:06.708Z INFO webdriver: Retrying 3/3
2020-08-20T17:28:06.708Z INFO webdriver: [POST] http://localhost:9515/session/d8d6d8d72dde3289faafcaa2357d15dd/element
2020-08-20T17:28:06.709Z INFO webdriver: DATA {
  using: 'css selector',
  value: '[title=Log in to your customer account]'
}
2020-08-20T17:28:06.734Z ERROR webdriver: Request failed with status 400 due to invalid selector: invalid selector: An invalid or illegal selector was specified
  (Session info: chrome=84.0.4147.125)
2020-08-20T17:28:06.754Z INFO webdriver: COMMAND getLogTypes()
2020-08-20T17:28:06.755Z INFO webdriver: [GET] http://localhost:9515/session/d8d6d8d72dde3289faafcaa2357d15dd/se/log/types
2020-08-20T17:28:06.787Z INFO webdriver: RESULT [ 'browser', 'driver' ]
2020-08-20T17:28:06.789Z INFO webdriver: COMMAND getLogs("browser")
2020-08-20T17:28:06.789Z INFO webdriver: [POST] http://localhost:9515/session/d8d6d8d72dde3289faafcaa2357d15dd/se/log
2020-08-20T17:28:06.789Z INFO webdriver: DATA { type: 'browser' }
2020-08-20T17:28:06.791Z INFO webdriver: COMMAND getLogs("driver")
2020-08-20T17:28:06.791Z INFO webdriver: [POST] http://localhost:9515/session/d8d6d8d72dde3289faafcaa2357d15dd/se/log
2020-08-20T17:28:06.791Z INFO webdriver: DATA { type: 'driver' }
2020-08-20T17:28:06.816Z INFO webdriver: RESULT []
2020-08-20T17:28:06.819Z INFO webdriver: RESULT []
2020-08-20T17:28:06.820Z INFO webdriver: COMMAND deleteSession()
2020-08-20T17:28:06.820Z INFO webdriver: [DELETE] http://localhost:9515/session/d8d6d8d72dde3289faafcaa2357d15dd
